[0.046s] Invoking command in '/home/rahul/pick_bot/pickbot_ws/build/pick_bot_cpp_examples': CMAKE_PREFIX_PATH=${CMAKE_PREFIX_PATH}:/opt/ros/humble /usr/bin/cmake --build /home/rahul/pick_bot/pickbot_ws/build/pick_bot_cpp_examples -- -j12 -l12
[0.621s] -- Found ament_cmake: 1.3.10 (/opt/ros/humble/share/ament_cmake/cmake)
[1.162s] -- Found rclcpp: 16.0.10 (/opt/ros/humble/share/rclcpp/cmake)
[1.462s] -- Found rosidl_generator_c: 3.1.5 (/opt/ros/humble/share/rosidl_generator_c/cmake)
[1.473s] -- Found rosidl_adapter: 3.1.5 (/opt/ros/humble/share/rosidl_adapter/cmake)
[1.501s] -- Found rosidl_generator_cpp: 3.1.5 (/opt/ros/humble/share/rosidl_generator_cpp/cmake)
[1.548s] -- Using all available rosidl_typesupport_c: rosidl_typesupport_fastrtps_c;rosidl_typesupport_introspection_c
[1.577s] -- Using all available rosidl_typesupport_cpp: rosidl_typesupport_fastrtps_cpp;rosidl_typesupport_introspection_cpp
[1.743s] -- Found rmw_implementation_cmake: 6.1.2 (/opt/ros/humble/share/rmw_implementation_cmake/cmake)
[1.763s] -- Found rmw_fastrtps_cpp: 6.2.7 (/opt/ros/humble/share/rmw_fastrtps_cpp/cmake)
[2.258s] -- Using RMW implementation 'rmw_fastrtps_cpp' as default
[2.587s] -- Found ament_lint_auto: 0.12.11 (/opt/ros/humble/share/ament_lint_auto/cmake)
[2.762s] -- Added test 'cppcheck' to perform static code analysis on C / C++ code
[2.762s] -- Configured cppcheck include dirs: 
[2.762s] -- Configured cppcheck exclude dirs and/or files: 
[2.765s] -- Added test 'lint_cmake' to check CMake code style
[2.770s] -- Added test 'uncrustify' to check C / C++ code style
[2.771s] -- Configured uncrustify additional arguments: 
[2.771s] -- Added test 'xmllint' to check XML markup files
[2.798s] -- Configuring done
[2.897s] -- Generating done
[2.902s] -- Build files have been written to: /home/rahul/pick_bot/pickbot_ws/build/pick_bot_cpp_examples
[2.966s] [ 50%] [32mBuilding CXX object CMakeFiles/simple_parameter.dir/src/simple_parameter.cpp.o[0m
[2.966s] [ 50%] [32mBuilding CXX object CMakeFiles/simple_publisher.dir/src/simple_publisher.cpp.o[0m
[2.967s] [ 50%] [32mBuilding CXX object CMakeFiles/simple_listener.dir/src/simple_listener.cpp.o[0m
[3.100s] [01m[K/home/rahul/pick_bot/pickbot_ws/src/pick_bot_cpp_examples/src/simple_listener.cpp:1:10:[m[K [01;31m[Kfatal error: [m[Kstd_msgs/std_msgs/msg/string.h: No such file or directory
[3.100s]     1 | #include [01;31m[K<std_msgs/std_msgs/msg/string.h>[m[K
[3.100s]       |          [01;31m[K^~~~~~~~~~~~~~~~~~~~~~~~~~~~~~~~[m[K
[3.100s] [01m[K/home/rahul/pick_bot/pickbot_ws/src/pick_bot_cpp_examples/src/simple_publisher.cpp:1:10:[m[K [01;31m[Kfatal error: [m[Kstd_msgs/std_msgs/msg/string.h: No such file or directory
[3.101s]     1 | #include [01;31m[K<std_msgs/std_msgs/msg/string.h>[m[K
[3.101s]       |          [01;31m[K^~~~~~~~~~~~~~~~~~~~~~~~~~~~~~~~[m[K
[3.101s] compilation terminated.
[3.101s] compilation terminated.
[3.106s] gmake[2]: *** [CMakeFiles/simple_listener.dir/build.make:76: CMakeFiles/simple_listener.dir/src/simple_listener.cpp.o] Error 1
[3.106s] gmake[2]: *** [CMakeFiles/simple_publisher.dir/build.make:76: CMakeFiles/simple_publisher.dir/src/simple_publisher.cpp.o] Error 1
[3.106s] gmake[1]: *** [CMakeFiles/Makefile2:141: CMakeFiles/simple_publisher.dir/all] Error 2
[3.106s] gmake[1]: *** Waiting for unfinished jobs....
[3.106s] gmake[1]: *** [CMakeFiles/Makefile2:167: CMakeFiles/simple_listener.dir/all] Error 2
[6.688s] [01m[K/home/rahul/pick_bot/pickbot_ws/src/pick_bot_cpp_examples/src/simple_parameter.cpp:6:28:[m[K [01;31m[Kerror: [m[Kexpected â€˜[01m[K;[m[Kâ€™ before â€˜[01m[Kclass[m[Kâ€™
[6.688s]     6 | using std::placeholders::_1
[6.688s]       |                            [01;31m[K^[m[K
[6.688s]       |                            [32m[K;[m[K
[6.689s]     7 | 
[6.689s]     8 | [32m[Kclass[m[K SimpleParameter : public rclcpp::Node
[6.689s]       | [32m[K~~~~~[m[K                       
[6.689s] [01m[K/home/rahul/pick_bot/pickbot_ws/src/pick_bot_cpp_examples/src/simple_parameter.cpp:22:5:[m[K [01;31m[Kerror: [m[KISO C++ forbids declaration of â€˜[01m[KparamChangeCallback[m[Kâ€™ with no type [[01;31m[K]8;;https://gcc.gnu.org/onlinedocs/gcc/Warning-Options.html#index-fpermissive-fpermissive]8;;[m[K]
[6.689s]    22 |     [01;31m[KparamChangeCallback[m[K(const std::vector<rclcpp::Parameter> &parameters)
[6.690s]       |     [01;31m[K^~~~~~~~~~~~~~~~~~~[m[K
[6.765s] [01m[K/home/rahul/pick_bot/pickbot_ws/src/pick_bot_cpp_examples/src/simple_parameter.cpp:[m[K In constructor â€˜[01m[KSimpleParameter::SimpleParameter()[m[Kâ€™:
[6.765s] [01m[K/home/rahul/pick_bot/pickbot_ws/src/pick_bot_cpp_examples/src/simple_parameter.cpp:16:74:[m[K [01;31m[Kerror: [m[Kcannot convert â€˜[01m[Kstd::_Bind_helper<false, int (SimpleParameter::*)(const std::vector<rclcpp::Parameter>&), SimpleParameter*, const std::_Placeholder<1>&>::type[m[Kâ€™ to â€˜[01m[Krclcpp::Node::OnParametersSetCallbackType[m[Kâ€™ {aka â€˜[01m[Kstd::function<rcl_interfaces::msg::SetParametersResult_<std::allocator<void> >(const std::vector<rclcpp::Parameter>&)>[m[Kâ€™}
[6.765s]    16 |         param_callback_handle_ = add_on_set_parameters_callback([01;31m[Kstd::bind(&SimpleParameter::paramChangeCallback, this, _1)[m[K);
[6.765s]       |                                                                 [01;31m[K~~~~~~~~~^~~~~~~~~~~~~~~~~~~~~~~~~~~~~~~~~~~~~~~~~~~~~~~~~[m[K
[6.765s]       |                                                                          [01;31m[K|[m[K
[6.765s]       |                                                                          [01;31m[Kstd::_Bind_helper<false, int (SimpleParameter::*)(const std::vector<rclcpp::Parameter>&), SimpleParameter*, const std::_Placeholder<1>&>::type[m[K
[6.765s] In file included from [01m[K/opt/ros/humble/include/rclcpp/rclcpp/executors/single_threaded_executor.hpp:28[m[K,
[6.765s]                  from [01m[K/opt/ros/humble/include/rclcpp/rclcpp/executors.hpp:22[m[K,
[6.765s]                  from [01m[K/opt/ros/humble/include/rclcpp/rclcpp/rclcpp.hpp:155[m[K,
[6.766s]                  from [01m[K/home/rahul/pick_bot/pickbot_ws/src/pick_bot_cpp_examples/src/simple_parameter.cpp:1[m[K:
[6.766s] [01m[K/opt/ros/humble/include/rclcpp/rclcpp/node.hpp:934:62:[m[K [01;36m[Knote: [m[K  initializing argument 1 of â€˜[01m[Krclcpp::node_interfaces::OnSetParametersCallbackHandle::SharedPtr rclcpp::Node::add_on_set_parameters_callback(rclcpp::Node::OnParametersSetCallbackType)[m[Kâ€™
[6.766s]   934 |   add_on_set_parameters_callback([01;36m[KOnParametersSetCallbackType callback[m[K);
[6.766s]       |                                  [01;36m[K~~~~~~~~~~~~~~~~~~~~~~~~~~~~^~~~~~~~[m[K
[6.767s] [01m[K/home/rahul/pick_bot/pickbot_ws/src/pick_bot_cpp_examples/src/simple_parameter.cpp:[m[K In member function â€˜[01m[Kint SimpleParameter::paramChangeCallback(const std::vector<rclcpp::Parameter>&)[m[Kâ€™:
[6.767s] [01m[K/home/rahul/pick_bot/pickbot_ws/src/pick_bot_cpp_examples/src/simple_parameter.cpp:39:16:[m[K [01;31m[Kerror: [m[Kcannot convert â€˜[01m[Krcl_interfaces::msg::SetParametersResult[m[Kâ€™ {aka â€˜[01m[Krcl_interfaces::msg::SetParametersResult_<std::allocator<void> >[m[Kâ€™} to â€˜[01m[Kint[m[Kâ€™ in return
[6.767s]    39 |         return [01;31m[Kresult[m[K;
[6.767s]       |                [01;31m[K^~~~~~[m[K
[7.276s] gmake[2]: *** [CMakeFiles/simple_parameter.dir/build.make:76: CMakeFiles/simple_parameter.dir/src/simple_parameter.cpp.o] Error 1
[7.277s] gmake[1]: *** [CMakeFiles/Makefile2:193: CMakeFiles/simple_parameter.dir/all] Error 2
[7.277s] gmake: *** [Makefile:146: all] Error 2
[7.282s] Invoked command in '/home/rahul/pick_bot/pickbot_ws/build/pick_bot_cpp_examples' returned '2': CMAKE_PREFIX_PATH=${CMAKE_PREFIX_PATH}:/opt/ros/humble /usr/bin/cmake --build /home/rahul/pick_bot/pickbot_ws/build/pick_bot_cpp_examples -- -j12 -l12
